2026-01-22 15:43:01 [main] INFO  o.testcontainers.images.PullPolicy - Image pull policy will be performed by: DefaultPullPolicy()
2026-01-22 15:43:01 [main] INFO  o.t.utility.ImageNameSubstitutor - Image name substitution will be performed by: DefaultImageNameSubstitutor (composite of 'ConfigurationFileImageNameSubstitutor' and 'PrefixingImageNameSubstitutor')
2026-01-22 15:43:01 [main] INFO  o.testcontainers.DockerClientFactory - Testcontainers version: 1.21.0
2026-01-22 15:43:02 [main] INFO  o.t.d.DockerClientProviderStrategy - Loaded org.testcontainers.dockerclient.UnixSocketClientProviderStrategy from ~/.testcontainers.properties, will try it first
2026-01-22 15:43:02 [main] INFO  o.t.d.DockerMachineClientProviderStrategy - docker-machine executable was not found on PATH ([/usr/local/sbin, /usr/local/bin, /usr/bin, /var/lib/flatpak/exports/bin, /usr/lib/jvm/default/bin, /usr/bin/site_perl, /usr/bin/vendor_perl, /usr/bin/core_perl, /var/lib/snapd/snap/bin, /home/valerio/.local/bin])
2026-01-22 15:43:02 [main] ERROR o.t.d.DockerClientProviderStrategy - Could not find a valid Docker environment. Please check configuration. Attempted configurations were:
	UnixSocketClientProviderStrategy: failed with exception BadRequestException (Status 400: {"message":"client version 1.32 is too old. Minimum supported API version is 1.44, please upgrade your client to a newer version"}
)
	DockerDesktopClientProviderStrategy: failed with exception NullPointerException (Cannot invoke "java.nio.file.Path.toString()" because the return value of "org.testcontainers.dockerclient.DockerDesktopClientProviderStrategy.getSocketPath()" is null)As no valid configuration was found, execution cannot continue.
See https://java.testcontainers.org/on_failure.html for more details.
2026-01-22 15:43:02 [main] INFO  o.testcontainers.DockerClientFactory - Testcontainers version: 1.21.0
2026-01-22 15:43:02 [main] INFO  o.testcontainers.DockerClientFactory - Testcontainers version: 1.21.0
2026-01-22 15:43:02 [main] INFO  o.testcontainers.DockerClientFactory - Testcontainers version: 1.21.0
2026-01-22 15:43:02 [main] INFO  o.testcontainers.DockerClientFactory - Testcontainers version: 1.21.0
2026-01-22 15:43:02 [main] INFO  o.testcontainers.DockerClientFactory - Testcontainers version: 1.21.0
2026-01-22 15:43:02 [main] INFO  o.testcontainers.DockerClientFactory - Testcontainers version: 1.21.0
2026-01-22 15:43:02 [main] INFO  o.testcontainers.DockerClientFactory - Testcontainers version: 1.21.0
2026-01-22 15:44:05 [main] INFO  o.testcontainers.images.PullPolicy - Image pull policy will be performed by: DefaultPullPolicy()
2026-01-22 15:44:05 [main] INFO  o.t.utility.ImageNameSubstitutor - Image name substitution will be performed by: DefaultImageNameSubstitutor (composite of 'ConfigurationFileImageNameSubstitutor' and 'PrefixingImageNameSubstitutor')
2026-01-22 15:44:05 [main] INFO  o.testcontainers.DockerClientFactory - Testcontainers version: 1.21.0
2026-01-22 15:44:05 [main] INFO  o.t.d.DockerClientProviderStrategy - Loaded org.testcontainers.dockerclient.UnixSocketClientProviderStrategy from ~/.testcontainers.properties, will try it first
2026-01-22 15:44:05 [main] INFO  o.t.d.DockerMachineClientProviderStrategy - docker-machine executable was not found on PATH ([/usr/local/sbin, /usr/local/bin, /usr/bin, /var/lib/flatpak/exports/bin, /usr/lib/jvm/default/bin, /usr/bin/site_perl, /usr/bin/vendor_perl, /usr/bin/core_perl, /var/lib/snapd/snap/bin, /home/valerio/.local/bin])
2026-01-22 15:44:05 [main] ERROR o.t.d.DockerClientProviderStrategy - Could not find a valid Docker environment. Please check configuration. Attempted configurations were:
	UnixSocketClientProviderStrategy: failed with exception BadRequestException (Status 400: {"message":"client version 1.32 is too old. Minimum supported API version is 1.44, please upgrade your client to a newer version"}
)
	DockerDesktopClientProviderStrategy: failed with exception NullPointerException (Cannot invoke "java.nio.file.Path.toString()" because the return value of "org.testcontainers.dockerclient.DockerDesktopClientProviderStrategy.getSocketPath()" is null)As no valid configuration was found, execution cannot continue.
See https://java.testcontainers.org/on_failure.html for more details.
2026-01-22 15:44:05 [main] INFO  o.testcontainers.DockerClientFactory - Testcontainers version: 1.21.0
2026-01-22 15:44:05 [main] INFO  o.testcontainers.DockerClientFactory - Testcontainers version: 1.21.0
2026-01-22 15:44:05 [main] INFO  o.testcontainers.DockerClientFactory - Testcontainers version: 1.21.0
2026-01-22 15:44:05 [main] INFO  o.testcontainers.DockerClientFactory - Testcontainers version: 1.21.0
2026-01-22 15:44:05 [main] INFO  o.testcontainers.DockerClientFactory - Testcontainers version: 1.21.0
2026-01-22 15:44:05 [main] INFO  o.testcontainers.DockerClientFactory - Testcontainers version: 1.21.0
2026-01-22 15:44:05 [main] INFO  o.testcontainers.DockerClientFactory - Testcontainers version: 1.21.0
2026-01-22 15:46:01 [main] INFO  o.testcontainers.images.PullPolicy - Image pull policy will be performed by: DefaultPullPolicy()
2026-01-22 15:46:01 [main] INFO  o.t.utility.ImageNameSubstitutor - Image name substitution will be performed by: DefaultImageNameSubstitutor (composite of 'ConfigurationFileImageNameSubstitutor' and 'PrefixingImageNameSubstitutor')
2026-01-22 15:46:01 [main] INFO  o.testcontainers.DockerClientFactory - Testcontainers version: 1.21.0
2026-01-22 15:46:01 [main] INFO  o.t.d.DockerClientProviderStrategy - Loaded org.testcontainers.dockerclient.UnixSocketClientProviderStrategy from ~/.testcontainers.properties, will try it first
2026-01-22 15:46:01 [main] INFO  o.t.d.DockerMachineClientProviderStrategy - docker-machine executable was not found on PATH ([/usr/local/sbin, /usr/local/bin, /usr/bin, /var/lib/flatpak/exports/bin, /usr/lib/jvm/default/bin, /usr/bin/site_perl, /usr/bin/vendor_perl, /usr/bin/core_perl, /var/lib/snapd/snap/bin, /home/valerio/.local/bin])
2026-01-22 15:46:01 [main] ERROR o.t.d.DockerClientProviderStrategy - Could not find a valid Docker environment. Please check configuration. Attempted configurations were:
	UnixSocketClientProviderStrategy: failed with exception BadRequestException (Status 400: {"message":"client version 1.32 is too old. Minimum supported API version is 1.44, please upgrade your client to a newer version"}
)
	DockerDesktopClientProviderStrategy: failed with exception NullPointerException (Cannot invoke "java.nio.file.Path.toString()" because the return value of "org.testcontainers.dockerclient.DockerDesktopClientProviderStrategy.getSocketPath()" is null)As no valid configuration was found, execution cannot continue.
See https://java.testcontainers.org/on_failure.html for more details.
2026-01-22 15:46:01 [main] INFO  o.testcontainers.DockerClientFactory - Testcontainers version: 1.21.0
2026-01-22 15:46:01 [main] INFO  o.testcontainers.DockerClientFactory - Testcontainers version: 1.21.0
2026-01-22 15:46:01 [main] INFO  o.testcontainers.DockerClientFactory - Testcontainers version: 1.21.0
2026-01-22 15:46:01 [main] INFO  o.testcontainers.DockerClientFactory - Testcontainers version: 1.21.0
2026-01-22 15:46:01 [main] INFO  o.testcontainers.DockerClientFactory - Testcontainers version: 1.21.0
2026-01-22 15:46:01 [main] INFO  o.testcontainers.DockerClientFactory - Testcontainers version: 1.21.0
2026-01-22 15:46:01 [main] INFO  o.testcontainers.DockerClientFactory - Testcontainers version: 1.21.0
2026-01-22 15:49:31 [main] INFO  o.testcontainers.images.PullPolicy - Image pull policy will be performed by: DefaultPullPolicy()
2026-01-22 15:49:31 [main] INFO  o.t.utility.ImageNameSubstitutor - Image name substitution will be performed by: DefaultImageNameSubstitutor (composite of 'ConfigurationFileImageNameSubstitutor' and 'PrefixingImageNameSubstitutor')
2026-01-22 15:49:31 [main] INFO  o.testcontainers.DockerClientFactory - Testcontainers version: 1.21.0
2026-01-22 15:49:31 [main] INFO  o.t.d.DockerClientProviderStrategy - Loaded org.testcontainers.dockerclient.UnixSocketClientProviderStrategy from ~/.testcontainers.properties, will try it first
2026-01-22 15:49:31 [main] INFO  o.t.d.DockerMachineClientProviderStrategy - docker-machine executable was not found on PATH ([/usr/local/sbin, /usr/local/bin, /usr/bin, /var/lib/flatpak/exports/bin, /usr/lib/jvm/default/bin, /usr/bin/site_perl, /usr/bin/vendor_perl, /usr/bin/core_perl, /var/lib/snapd/snap/bin, /home/valerio/.local/bin, /home/valerio/.local/bin])
2026-01-22 15:49:31 [main] ERROR o.t.d.DockerClientProviderStrategy - Could not find a valid Docker environment. Please check configuration. Attempted configurations were:
	UnixSocketClientProviderStrategy: failed with exception BadRequestException (Status 400: {"message":"client version 1.32 is too old. Minimum supported API version is 1.44, please upgrade your client to a newer version"}
)
	DockerDesktopClientProviderStrategy: failed with exception NullPointerException (Cannot invoke "java.nio.file.Path.toString()" because the return value of "org.testcontainers.dockerclient.DockerDesktopClientProviderStrategy.getSocketPath()" is null)As no valid configuration was found, execution cannot continue.
See https://java.testcontainers.org/on_failure.html for more details.
2026-01-22 15:49:31 [main] INFO  o.testcontainers.DockerClientFactory - Testcontainers version: 1.21.0
2026-01-22 15:49:31 [main] INFO  o.testcontainers.DockerClientFactory - Testcontainers version: 1.21.0
2026-01-22 15:49:31 [main] INFO  o.testcontainers.DockerClientFactory - Testcontainers version: 1.21.0
2026-01-22 15:49:31 [main] INFO  o.testcontainers.DockerClientFactory - Testcontainers version: 1.21.0
2026-01-22 15:49:31 [main] INFO  o.testcontainers.DockerClientFactory - Testcontainers version: 1.21.0
2026-01-22 15:49:31 [main] INFO  o.testcontainers.DockerClientFactory - Testcontainers version: 1.21.0
2026-01-22 16:08:07 [main] INFO  o.testcontainers.images.PullPolicy - Image pull policy will be performed by: DefaultPullPolicy()
2026-01-22 16:08:07 [main] INFO  o.t.utility.ImageNameSubstitutor - Image name substitution will be performed by: DefaultImageNameSubstitutor (composite of 'ConfigurationFileImageNameSubstitutor' and 'PrefixingImageNameSubstitutor')
2026-01-22 16:08:07 [main] INFO  o.testcontainers.DockerClientFactory - Testcontainers version: 1.21.0
2026-01-22 16:08:07 [main] INFO  o.t.d.DockerClientProviderStrategy - Loaded org.testcontainers.dockerclient.UnixSocketClientProviderStrategy from ~/.testcontainers.properties, will try it first
2026-01-22 16:08:07 [main] INFO  o.t.d.DockerMachineClientProviderStrategy - docker-machine executable was not found on PATH ([/usr/local/sbin, /usr/local/bin, /usr/bin, /var/lib/flatpak/exports/bin, /usr/lib/jvm/default/bin, /usr/bin/site_perl, /usr/bin/vendor_perl, /usr/bin/core_perl, /var/lib/snapd/snap/bin, /home/valerio/.local/bin])
2026-01-22 16:08:07 [main] ERROR o.t.d.DockerClientProviderStrategy - Could not find a valid Docker environment. Please check configuration. Attempted configurations were:
	UnixSocketClientProviderStrategy: failed with exception BadRequestException (Status 400: {"message":"client version 1.32 is too old. Minimum supported API version is 1.44, please upgrade your client to a newer version"}
)
	DockerDesktopClientProviderStrategy: failed with exception NullPointerException (Cannot invoke "java.nio.file.Path.toString()" because the return value of "org.testcontainers.dockerclient.DockerDesktopClientProviderStrategy.getSocketPath()" is null)As no valid configuration was found, execution cannot continue.
See https://java.testcontainers.org/on_failure.html for more details.
2026-01-22 16:08:07 [main] INFO  o.testcontainers.DockerClientFactory - Testcontainers version: 1.21.0
2026-01-22 16:08:07 [main] INFO  o.testcontainers.DockerClientFactory - Testcontainers version: 1.21.0
2026-01-22 16:08:07 [main] INFO  o.testcontainers.DockerClientFactory - Testcontainers version: 1.21.0
2026-01-22 16:08:07 [main] INFO  o.testcontainers.DockerClientFactory - Testcontainers version: 1.21.0
2026-01-22 16:08:08 [main] INFO  o.testcontainers.DockerClientFactory - Testcontainers version: 1.21.0
2026-01-22 16:08:08 [main] INFO  o.testcontainers.DockerClientFactory - Testcontainers version: 1.21.0
2026-01-22 16:08:08 [main] INFO  o.testcontainers.DockerClientFactory - Testcontainers version: 1.21.0
2026-01-22 16:10:18 [main] INFO  o.testcontainers.images.PullPolicy - Image pull policy will be performed by: DefaultPullPolicy()
2026-01-22 16:10:18 [main] INFO  o.t.utility.ImageNameSubstitutor - Image name substitution will be performed by: DefaultImageNameSubstitutor (composite of 'ConfigurationFileImageNameSubstitutor' and 'PrefixingImageNameSubstitutor')
2026-01-22 16:10:18 [main] INFO  o.testcontainers.DockerClientFactory - Testcontainers version: 1.21.0
2026-01-22 16:10:18 [main] INFO  o.t.d.DockerMachineClientProviderStrategy - docker-machine executable was not found on PATH ([/usr/local/sbin, /usr/local/bin, /usr/bin, /var/lib/flatpak/exports/bin, /usr/lib/jvm/default/bin, /usr/bin/site_perl, /usr/bin/vendor_perl, /usr/bin/core_perl, /var/lib/snapd/snap/bin, /home/valerio/.local/bin])
2026-01-22 16:10:18 [main] ERROR o.t.d.DockerClientProviderStrategy - Could not find a valid Docker environment. Please check configuration. Attempted configurations were:
	UnixSocketClientProviderStrategy: failed with exception BadRequestException (Status 400: {"message":"client version 1.32 is too old. Minimum supported API version is 1.44, please upgrade your client to a newer version"}
)
	DockerDesktopClientProviderStrategy: failed with exception NullPointerException (Cannot invoke "java.nio.file.Path.toString()" because the return value of "org.testcontainers.dockerclient.DockerDesktopClientProviderStrategy.getSocketPath()" is null)As no valid configuration was found, execution cannot continue.
See https://java.testcontainers.org/on_failure.html for more details.
2026-01-22 16:10:18 [main] INFO  o.testcontainers.DockerClientFactory - Testcontainers version: 1.21.0
2026-01-22 16:10:18 [main] INFO  o.testcontainers.DockerClientFactory - Testcontainers version: 1.21.0
2026-01-22 16:10:18 [main] INFO  o.testcontainers.DockerClientFactory - Testcontainers version: 1.21.0
2026-01-22 16:10:18 [main] INFO  o.testcontainers.DockerClientFactory - Testcontainers version: 1.21.0
2026-01-22 16:10:18 [main] INFO  o.testcontainers.DockerClientFactory - Testcontainers version: 1.21.0
2026-01-22 16:10:18 [main] INFO  o.testcontainers.DockerClientFactory - Testcontainers version: 1.21.0
2026-01-22 16:10:18 [main] INFO  o.testcontainers.DockerClientFactory - Testcontainers version: 1.21.0
2026-01-22 16:11:33 [main] INFO  o.testcontainers.images.PullPolicy - Image pull policy will be performed by: DefaultPullPolicy()
2026-01-22 16:11:33 [main] INFO  o.t.utility.ImageNameSubstitutor - Image name substitution will be performed by: DefaultImageNameSubstitutor (composite of 'ConfigurationFileImageNameSubstitutor' and 'PrefixingImageNameSubstitutor')
2026-01-22 16:11:33 [main] INFO  o.testcontainers.DockerClientFactory - Testcontainers version: 2.0.2
2026-01-22 16:11:34 [main] INFO  o.t.d.DockerClientProviderStrategy - Found Docker environment with local Unix socket (unix:///var/run/docker.sock)
2026-01-22 16:11:34 [main] INFO  o.testcontainers.DockerClientFactory - Docker host IP address is localhost
2026-01-22 16:11:34 [main] INFO  o.testcontainers.DockerClientFactory - Connected to docker: 
  Server Version: 29.1.3
  API Version: 1.52
  Operating System: EndeavourOS
  Total Memory: 63743 MB
2026-01-22 16:11:34 [main] INFO  tc.testcontainers/ryuk:0.13.0 - Creating container for image: testcontainers/ryuk:0.13.0
2026-01-22 16:11:34 [main] INFO  tc.testcontainers/ryuk:0.13.0 - Container testcontainers/ryuk:0.13.0 is starting: 074d2ffe32ab95122fe3a9260e536dc8dc3b928c49fcc74d55b89e3d63e03322
2026-01-22 16:11:34 [main] INFO  tc.testcontainers/ryuk:0.13.0 - Container testcontainers/ryuk:0.13.0 started in PT0.427120118S
2026-01-22 16:11:34 [main] INFO  o.t.utility.RyukResourceReaper - Ryuk started - will monitor and terminate Testcontainers containers on JVM exit
2026-01-22 16:11:34 [main] INFO  o.testcontainers.DockerClientFactory - Checking the system...
2026-01-22 16:11:34 [main] INFO  o.testcontainers.DockerClientFactory - ✔︎ Docker server version should be at least 1.6.0
2026-01-22 16:11:34 [main] INFO  t.g.io/epos-eric/metadata-database/deploy:main - Creating container for image: ghcr.io/epos-eric/metadata-database/deploy:main
2026-01-22 16:11:35 [main] INFO  t.g.io/epos-eric/metadata-database/deploy:main - Container ghcr.io/epos-eric/metadata-database/deploy:main is starting: e654170d3cd037e9986ed317923fd1ee00694378caae5a1ca72e0b2858b3e37f
2026-01-22 16:11:39 [main] INFO  t.g.io/epos-eric/metadata-database/deploy:main - Container ghcr.io/epos-eric/metadata-database/deploy:main started in PT4.05668248S
2026-01-22 16:11:39 [main] INFO  t.g.io/epos-eric/metadata-database/deploy:main - Container is started (JDBC URL: jdbc:postgresql://localhost:33071/cerif?loggerLevel=OFF)
2026-01-22 16:11:39 [main] INFO  com.zaxxer.hikari.HikariDataSource - metadata_catalogue - Starting...
2026-01-22 16:11:39 [main] INFO  com.zaxxer.hikari.pool.HikariPool - metadata_catalogue - Added connection org.postgresql.jdbc.PgConnection@31b82e0f
2026-01-22 16:11:39 [main] INFO  com.zaxxer.hikari.HikariDataSource - metadata_catalogue - Start completed.
2026-01-22 16:11:39 [main] INFO  o.h.validator.internal.util.Version - HV000001: Hibernate Validator 8.0.2.Final
2026-01-22 16:11:40 [main] INFO  com.zaxxer.hikari.HikariDataSource - metadata_catalogue - Shutdown initiated...
2026-01-22 16:11:40 [main] INFO  com.zaxxer.hikari.HikariDataSource - metadata_catalogue - Shutdown completed.
2026-01-22 16:11:40 [main] INFO  t.g.io/epos-eric/metadata-database/deploy:main - Creating container for image: ghcr.io/epos-eric/metadata-database/deploy:main
2026-01-22 16:11:40 [main] INFO  t.g.io/epos-eric/metadata-database/deploy:main - Container ghcr.io/epos-eric/metadata-database/deploy:main is starting: df4b12f2bf20febc0ba40074547c42b68ce5a64fc6194668a31cb2bdfff5c1bf
2026-01-22 16:11:44 [main] INFO  t.g.io/epos-eric/metadata-database/deploy:main - Container ghcr.io/epos-eric/metadata-database/deploy:main started in PT3.607666582S
2026-01-22 16:11:44 [main] INFO  t.g.io/epos-eric/metadata-database/deploy:main - Container is started (JDBC URL: jdbc:postgresql://localhost:33072/cerif?loggerLevel=OFF)
2026-01-22 16:11:44 [main] INFO  com.zaxxer.hikari.HikariDataSource - metadata_catalogue - Starting...
2026-01-22 16:11:44 [main] INFO  com.zaxxer.hikari.pool.HikariPool - metadata_catalogue - Added connection org.postgresql.jdbc.PgConnection@2a984952
2026-01-22 16:11:44 [main] INFO  com.zaxxer.hikari.HikariDataSource - metadata_catalogue - Start completed.
2026-01-22 16:11:44 [main] INFO  com.zaxxer.hikari.HikariDataSource - metadata_catalogue - Shutdown initiated...
2026-01-22 16:11:44 [main] INFO  com.zaxxer.hikari.HikariDataSource - metadata_catalogue - Shutdown completed.
2026-01-22 16:11:44 [main] INFO  t.g.io/epos-eric/metadata-database/deploy:main - Creating container for image: ghcr.io/epos-eric/metadata-database/deploy:main
2026-01-22 16:11:44 [main] INFO  t.g.io/epos-eric/metadata-database/deploy:main - Container ghcr.io/epos-eric/metadata-database/deploy:main is starting: 883cfad3caf53341c52b1849d0ed6a531dba68e3e2d7187b1877121aca591165
2026-01-22 16:11:47 [main] INFO  t.g.io/epos-eric/metadata-database/deploy:main - Container ghcr.io/epos-eric/metadata-database/deploy:main started in PT3.403404588S
2026-01-22 16:11:47 [main] INFO  t.g.io/epos-eric/metadata-database/deploy:main - Container is started (JDBC URL: jdbc:postgresql://localhost:33073/cerif?loggerLevel=OFF)
2026-01-22 16:11:47 [main] INFO  com.zaxxer.hikari.HikariDataSource - metadata_catalogue - Starting...
2026-01-22 16:11:47 [main] INFO  com.zaxxer.hikari.pool.HikariPool - metadata_catalogue - Added connection org.postgresql.jdbc.PgConnection@e4ef4c0
2026-01-22 16:11:47 [main] INFO  com.zaxxer.hikari.HikariDataSource - metadata_catalogue - Start completed.
2026-01-22 16:11:48 [main] INFO  com.zaxxer.hikari.HikariDataSource - metadata_catalogue - Shutdown initiated...
2026-01-22 16:11:48 [main] INFO  com.zaxxer.hikari.HikariDataSource - metadata_catalogue - Shutdown completed.
2026-01-22 16:11:48 [main] INFO  t.g.io/epos-eric/metadata-database/deploy:main - Creating container for image: ghcr.io/epos-eric/metadata-database/deploy:main
2026-01-22 16:11:48 [main] INFO  t.g.io/epos-eric/metadata-database/deploy:main - Container ghcr.io/epos-eric/metadata-database/deploy:main is starting: 52aa6fc5d55001fdf3a734d747da8caffc7bc291b2d1aa060158d26d9c97576d
2026-01-22 16:11:52 [main] INFO  t.g.io/epos-eric/metadata-database/deploy:main - Container ghcr.io/epos-eric/metadata-database/deploy:main started in PT3.696243726S
2026-01-22 16:11:52 [main] INFO  t.g.io/epos-eric/metadata-database/deploy:main - Container is started (JDBC URL: jdbc:postgresql://localhost:33074/cerif?loggerLevel=OFF)
2026-01-22 16:11:52 [main] INFO  com.zaxxer.hikari.HikariDataSource - metadata_catalogue - Starting...
2026-01-22 16:11:52 [main] INFO  com.zaxxer.hikari.pool.HikariPool - metadata_catalogue - Added connection org.postgresql.jdbc.PgConnection@2484c868
2026-01-22 16:11:52 [main] INFO  com.zaxxer.hikari.HikariDataSource - metadata_catalogue - Start completed.
2026-01-22 16:11:52 [main] INFO  com.zaxxer.hikari.HikariDataSource - metadata_catalogue - Shutdown initiated...
2026-01-22 16:11:52 [main] INFO  com.zaxxer.hikari.HikariDataSource - metadata_catalogue - Shutdown completed.
2026-01-22 16:11:52 [main] INFO  t.g.io/epos-eric/metadata-database/deploy:main - Creating container for image: ghcr.io/epos-eric/metadata-database/deploy:main
2026-01-22 16:11:52 [main] INFO  t.g.io/epos-eric/metadata-database/deploy:main - Container ghcr.io/epos-eric/metadata-database/deploy:main is starting: 07a4c6ed31f2e353b00155cc6002938488b91e439589f9269f1bfdddb72254a0
2026-01-22 16:11:56 [main] INFO  t.g.io/epos-eric/metadata-database/deploy:main - Container ghcr.io/epos-eric/metadata-database/deploy:main started in PT4.418106843S
2026-01-22 16:11:56 [main] INFO  t.g.io/epos-eric/metadata-database/deploy:main - Container is started (JDBC URL: jdbc:postgresql://localhost:33075/cerif?loggerLevel=OFF)
2026-01-22 16:11:56 [main] INFO  com.zaxxer.hikari.HikariDataSource - metadata_catalogue - Starting...
2026-01-22 16:11:56 [main] INFO  com.zaxxer.hikari.pool.HikariPool - metadata_catalogue - Added connection org.postgresql.jdbc.PgConnection@600e2000
2026-01-22 16:11:56 [main] INFO  com.zaxxer.hikari.HikariDataSource - metadata_catalogue - Start completed.
2026-01-22 16:11:57 [main] INFO  com.zaxxer.hikari.HikariDataSource - metadata_catalogue - Shutdown initiated...
2026-01-22 16:11:57 [main] INFO  com.zaxxer.hikari.HikariDataSource - metadata_catalogue - Shutdown completed.
2026-01-22 16:11:57 [main] INFO  t.g.io/epos-eric/metadata-database/deploy:main - Creating container for image: ghcr.io/epos-eric/metadata-database/deploy:main
2026-01-22 16:11:57 [main] INFO  t.g.io/epos-eric/metadata-database/deploy:main - Container ghcr.io/epos-eric/metadata-database/deploy:main is starting: a1edade7995e1d991de752ca318e22f40eb4a2936412b74e89642b4375767025
2026-01-22 16:12:01 [main] INFO  t.g.io/epos-eric/metadata-database/deploy:main - Container ghcr.io/epos-eric/metadata-database/deploy:main started in PT4.009563238S
2026-01-22 16:12:01 [main] INFO  t.g.io/epos-eric/metadata-database/deploy:main - Container is started (JDBC URL: jdbc:postgresql://localhost:33076/cerif?loggerLevel=OFF)
2026-01-22 16:12:01 [main] INFO  com.zaxxer.hikari.HikariDataSource - metadata_catalogue - Starting...
2026-01-22 16:12:01 [main] INFO  com.zaxxer.hikari.pool.HikariPool - metadata_catalogue - Added connection org.postgresql.jdbc.PgConnection@7d6a9d5e
2026-01-22 16:12:01 [main] INFO  com.zaxxer.hikari.HikariDataSource - metadata_catalogue - Start completed.
2026-01-22 16:12:01 [main] INFO  com.zaxxer.hikari.HikariDataSource - metadata_catalogue - Shutdown initiated...
2026-01-22 16:12:01 [main] INFO  com.zaxxer.hikari.HikariDataSource - metadata_catalogue - Shutdown completed.
2026-01-22 16:12:01 [main] INFO  t.g.io/epos-eric/metadata-database/deploy:main - Creating container for image: ghcr.io/epos-eric/metadata-database/deploy:main
2026-01-22 16:12:02 [main] INFO  t.g.io/epos-eric/metadata-database/deploy:main - Container ghcr.io/epos-eric/metadata-database/deploy:main is starting: 5de1d4f24de33f3eab2e6967e6eb3d6481d248db881121bad17e3b281cd8b7c7
2026-01-22 16:12:05 [main] INFO  t.g.io/epos-eric/metadata-database/deploy:main - Container ghcr.io/epos-eric/metadata-database/deploy:main started in PT3.759380947S
2026-01-22 16:12:05 [main] INFO  t.g.io/epos-eric/metadata-database/deploy:main - Container is started (JDBC URL: jdbc:postgresql://localhost:33077/cerif?loggerLevel=OFF)
2026-01-22 16:12:05 [main] INFO  com.zaxxer.hikari.HikariDataSource - metadata_catalogue - Starting...
2026-01-22 16:12:05 [main] INFO  com.zaxxer.hikari.pool.HikariPool - metadata_catalogue - Added connection org.postgresql.jdbc.PgConnection@7c4697fc
2026-01-22 16:12:05 [main] INFO  com.zaxxer.hikari.HikariDataSource - metadata_catalogue - Start completed.
2026-01-22 16:12:05 [main] INFO  com.zaxxer.hikari.HikariDataSource - metadata_catalogue - Shutdown initiated...
2026-01-22 16:12:05 [main] INFO  com.zaxxer.hikari.HikariDataSource - metadata_catalogue - Shutdown completed.
2026-01-22 16:12:06 [main] INFO  t.g.io/epos-eric/metadata-database/deploy:main - Creating container for image: ghcr.io/epos-eric/metadata-database/deploy:main
2026-01-22 16:12:06 [main] INFO  t.g.io/epos-eric/metadata-database/deploy:main - Container ghcr.io/epos-eric/metadata-database/deploy:main is starting: 775bdcda124d07866e30197e7789307b930393698d1b21090b267c458ffbec57
2026-01-22 16:12:10 [main] INFO  t.g.io/epos-eric/metadata-database/deploy:main - Container ghcr.io/epos-eric/metadata-database/deploy:main started in PT4.60125362S
2026-01-22 16:12:10 [main] INFO  t.g.io/epos-eric/metadata-database/deploy:main - Container is started (JDBC URL: jdbc:postgresql://localhost:33078/cerif?loggerLevel=OFF)
2026-01-22 16:12:10 [main] INFO  com.zaxxer.hikari.HikariDataSource - metadata_catalogue - Starting...
2026-01-22 16:12:10 [main] INFO  com.zaxxer.hikari.pool.HikariPool - metadata_catalogue - Added connection org.postgresql.jdbc.PgConnection@6bc1c8d0
2026-01-22 16:12:10 [main] INFO  com.zaxxer.hikari.HikariDataSource - metadata_catalogue - Start completed.
2026-01-22 16:12:10 [main] INFO  com.zaxxer.hikari.HikariDataSource - metadata_catalogue - Shutdown initiated...
2026-01-22 16:12:10 [main] INFO  com.zaxxer.hikari.HikariDataSource - metadata_catalogue - Shutdown completed.
2026-01-22 16:15:33 [main] INFO  o.testcontainers.images.PullPolicy - Image pull policy will be performed by: DefaultPullPolicy()
2026-01-22 16:15:34 [main] INFO  o.t.utility.ImageNameSubstitutor - Image name substitution will be performed by: DefaultImageNameSubstitutor (composite of 'ConfigurationFileImageNameSubstitutor' and 'PrefixingImageNameSubstitutor')
2026-01-22 16:15:34 [main] INFO  o.testcontainers.DockerClientFactory - Testcontainers version: 2.0.2
2026-01-22 16:15:34 [main] INFO  o.t.d.DockerClientProviderStrategy - Loaded org.testcontainers.dockerclient.UnixSocketClientProviderStrategy from ~/.testcontainers.properties, will try it first
2026-01-22 16:15:34 [main] INFO  o.t.d.DockerClientProviderStrategy - Found Docker environment with local Unix socket (unix:///var/run/docker.sock)
2026-01-22 16:15:34 [main] INFO  o.testcontainers.DockerClientFactory - Docker host IP address is localhost
2026-01-22 16:15:34 [main] INFO  o.testcontainers.DockerClientFactory - Connected to docker: 
  Server Version: 29.1.3
  API Version: 1.52
  Operating System: EndeavourOS
  Total Memory: 63743 MB
2026-01-22 16:15:34 [main] INFO  tc.testcontainers/ryuk:0.13.0 - Creating container for image: testcontainers/ryuk:0.13.0
2026-01-22 16:15:35 [main] INFO  tc.testcontainers/ryuk:0.13.0 - Container testcontainers/ryuk:0.13.0 is starting: a70003ede1471d9243ea6ff00dbf91f46da33c29cea61edcef244e32a27ee4ef
2026-01-22 16:15:35 [main] INFO  tc.testcontainers/ryuk:0.13.0 - Container testcontainers/ryuk:0.13.0 started in PT0.396078698S
2026-01-22 16:15:35 [main] INFO  o.t.utility.RyukResourceReaper - Ryuk started - will monitor and terminate Testcontainers containers on JVM exit
2026-01-22 16:15:35 [main] INFO  o.testcontainers.DockerClientFactory - Checking the system...
2026-01-22 16:15:35 [main] INFO  o.testcontainers.DockerClientFactory - ✔︎ Docker server version should be at least 1.6.0
2026-01-22 16:15:35 [main] INFO  t.g.io/epos-eric/metadata-database/deploy:main - Creating container for image: ghcr.io/epos-eric/metadata-database/deploy:main
2026-01-22 16:15:35 [main] INFO  t.g.io/epos-eric/metadata-database/deploy:main - Container ghcr.io/epos-eric/metadata-database/deploy:main is starting: ef305fb20c0fac2cf26d1a30b5ce01d2387fa3ef4d466ede7be3d9b5adc11c7b
2026-01-22 16:15:39 [main] INFO  t.g.io/epos-eric/metadata-database/deploy:main - Container ghcr.io/epos-eric/metadata-database/deploy:main started in PT3.704721698S
2026-01-22 16:15:39 [main] INFO  t.g.io/epos-eric/metadata-database/deploy:main - Container is started (JDBC URL: jdbc:postgresql://localhost:33080/cerif?loggerLevel=OFF)
2026-01-22 16:15:39 [main] INFO  com.zaxxer.hikari.HikariDataSource - metadata_catalogue - Starting...
2026-01-22 16:15:39 [main] INFO  com.zaxxer.hikari.pool.HikariPool - metadata_catalogue - Added connection org.postgresql.jdbc.PgConnection@631cb129
2026-01-22 16:15:39 [main] INFO  com.zaxxer.hikari.HikariDataSource - metadata_catalogue - Start completed.
2026-01-22 16:15:39 [main] INFO  o.h.validator.internal.util.Version - HV000001: Hibernate Validator 8.0.2.Final
2026-01-22 16:15:40 [main] INFO  com.zaxxer.hikari.HikariDataSource - metadata_catalogue - Shutdown initiated...
2026-01-22 16:15:40 [main] INFO  com.zaxxer.hikari.HikariDataSource - metadata_catalogue - Shutdown completed.
2026-01-22 16:15:40 [main] INFO  t.g.io/epos-eric/metadata-database/deploy:main - Creating container for image: ghcr.io/epos-eric/metadata-database/deploy:main
2026-01-22 16:15:40 [main] INFO  t.g.io/epos-eric/metadata-database/deploy:main - Container ghcr.io/epos-eric/metadata-database/deploy:main is starting: 5a5a6917d1e8cce2ebe365e9add50f68ace8c88fdc0b5a3afecf42ee489e921d
2026-01-22 16:15:44 [main] INFO  t.g.io/epos-eric/metadata-database/deploy:main - Container ghcr.io/epos-eric/metadata-database/deploy:main started in PT3.540380425S
2026-01-22 16:15:44 [main] INFO  t.g.io/epos-eric/metadata-database/deploy:main - Container is started (JDBC URL: jdbc:postgresql://localhost:33081/cerif?loggerLevel=OFF)
2026-01-22 16:15:44 [main] INFO  com.zaxxer.hikari.HikariDataSource - metadata_catalogue - Starting...
2026-01-22 16:15:44 [main] INFO  com.zaxxer.hikari.pool.HikariPool - metadata_catalogue - Added connection org.postgresql.jdbc.PgConnection@7672960e
2026-01-22 16:15:44 [main] INFO  com.zaxxer.hikari.HikariDataSource - metadata_catalogue - Start completed.
2026-01-22 16:15:44 [main] INFO  com.zaxxer.hikari.HikariDataSource - metadata_catalogue - Shutdown initiated...
2026-01-22 16:15:44 [main] INFO  com.zaxxer.hikari.HikariDataSource - metadata_catalogue - Shutdown completed.
2026-01-22 16:15:44 [main] INFO  t.g.io/epos-eric/metadata-database/deploy:main - Creating container for image: ghcr.io/epos-eric/metadata-database/deploy:main
2026-01-22 16:15:44 [main] INFO  t.g.io/epos-eric/metadata-database/deploy:main - Container ghcr.io/epos-eric/metadata-database/deploy:main is starting: 2ee8877d193ef37ca75e746873e8c46be8951ded8fc7a0113bbe419412770827
2026-01-22 16:15:47 [main] INFO  t.g.io/epos-eric/metadata-database/deploy:main - Container ghcr.io/epos-eric/metadata-database/deploy:main started in PT3.412276098S
2026-01-22 16:15:47 [main] INFO  t.g.io/epos-eric/metadata-database/deploy:main - Container is started (JDBC URL: jdbc:postgresql://localhost:33082/cerif?loggerLevel=OFF)
2026-01-22 16:15:47 [main] INFO  com.zaxxer.hikari.HikariDataSource - metadata_catalogue - Starting...
2026-01-22 16:15:47 [main] INFO  com.zaxxer.hikari.pool.HikariPool - metadata_catalogue - Added connection org.postgresql.jdbc.PgConnection@1253b822
2026-01-22 16:15:47 [main] INFO  com.zaxxer.hikari.HikariDataSource - metadata_catalogue - Start completed.
2026-01-22 16:15:48 [main] INFO  com.zaxxer.hikari.HikariDataSource - metadata_catalogue - Shutdown initiated...
2026-01-22 16:15:48 [main] INFO  com.zaxxer.hikari.HikariDataSource - metadata_catalogue - Shutdown completed.
2026-01-22 16:15:48 [main] INFO  t.g.io/epos-eric/metadata-database/deploy:main - Creating container for image: ghcr.io/epos-eric/metadata-database/deploy:main
2026-01-22 16:15:48 [main] INFO  t.g.io/epos-eric/metadata-database/deploy:main - Container ghcr.io/epos-eric/metadata-database/deploy:main is starting: 5c5a355436262f16eb4c93d3922b678b64321289759f7b2b083504ad76515759
2026-01-22 16:15:51 [main] INFO  t.g.io/epos-eric/metadata-database/deploy:main - Container ghcr.io/epos-eric/metadata-database/deploy:main started in PT3.399536858S
2026-01-22 16:15:51 [main] INFO  t.g.io/epos-eric/metadata-database/deploy:main - Container is started (JDBC URL: jdbc:postgresql://localhost:33083/cerif?loggerLevel=OFF)
2026-01-22 16:15:51 [main] INFO  com.zaxxer.hikari.HikariDataSource - metadata_catalogue - Starting...
2026-01-22 16:15:51 [main] INFO  com.zaxxer.hikari.pool.HikariPool - metadata_catalogue - Added connection org.postgresql.jdbc.PgConnection@46a0ef6f
2026-01-22 16:15:51 [main] INFO  com.zaxxer.hikari.HikariDataSource - metadata_catalogue - Start completed.
2026-01-22 16:15:51 [main] INFO  com.zaxxer.hikari.HikariDataSource - metadata_catalogue - Shutdown initiated...
2026-01-22 16:15:51 [main] INFO  com.zaxxer.hikari.HikariDataSource - metadata_catalogue - Shutdown completed.
2026-01-22 16:15:52 [main] INFO  t.g.io/epos-eric/metadata-database/deploy:main - Creating container for image: ghcr.io/epos-eric/metadata-database/deploy:main
2026-01-22 16:15:52 [main] INFO  t.g.io/epos-eric/metadata-database/deploy:main - Container ghcr.io/epos-eric/metadata-database/deploy:main is starting: 335817c9bce820d5e9ba855da9747fe7de7bc110822d06588ab32a3fa90e403a
2026-01-22 16:15:55 [main] INFO  t.g.io/epos-eric/metadata-database/deploy:main - Container ghcr.io/epos-eric/metadata-database/deploy:main started in PT3.367286358S
2026-01-22 16:15:55 [main] INFO  t.g.io/epos-eric/metadata-database/deploy:main - Container is started (JDBC URL: jdbc:postgresql://localhost:33084/cerif?loggerLevel=OFF)
2026-01-22 16:15:55 [main] INFO  com.zaxxer.hikari.HikariDataSource - metadata_catalogue - Starting...
2026-01-22 16:15:55 [main] INFO  com.zaxxer.hikari.pool.HikariPool - metadata_catalogue - Added connection org.postgresql.jdbc.PgConnection@66f5770e
2026-01-22 16:15:55 [main] INFO  com.zaxxer.hikari.HikariDataSource - metadata_catalogue - Start completed.
2026-01-22 16:15:55 [main] INFO  com.zaxxer.hikari.HikariDataSource - metadata_catalogue - Shutdown initiated...
2026-01-22 16:15:55 [main] INFO  com.zaxxer.hikari.HikariDataSource - metadata_catalogue - Shutdown completed.
2026-01-22 16:15:55 [main] INFO  t.g.io/epos-eric/metadata-database/deploy:main - Creating container for image: ghcr.io/epos-eric/metadata-database/deploy:main
2026-01-22 16:15:55 [main] INFO  t.g.io/epos-eric/metadata-database/deploy:main - Container ghcr.io/epos-eric/metadata-database/deploy:main is starting: 410f16096655a7fe3163eb34ae41b4bbe2a3875d552c7f9d037fe1553284a886
2026-01-22 16:15:59 [main] INFO  t.g.io/epos-eric/metadata-database/deploy:main - Container ghcr.io/epos-eric/metadata-database/deploy:main started in PT3.358259449S
2026-01-22 16:15:59 [main] INFO  t.g.io/epos-eric/metadata-database/deploy:main - Container is started (JDBC URL: jdbc:postgresql://localhost:33085/cerif?loggerLevel=OFF)
2026-01-22 16:15:59 [main] INFO  com.zaxxer.hikari.HikariDataSource - metadata_catalogue - Starting...
2026-01-22 16:15:59 [main] INFO  com.zaxxer.hikari.pool.HikariPool - metadata_catalogue - Added connection org.postgresql.jdbc.PgConnection@22ba30b0
2026-01-22 16:15:59 [main] INFO  com.zaxxer.hikari.HikariDataSource - metadata_catalogue - Start completed.
2026-01-22 16:15:59 [main] INFO  com.zaxxer.hikari.HikariDataSource - metadata_catalogue - Shutdown initiated...
2026-01-22 16:15:59 [main] INFO  com.zaxxer.hikari.HikariDataSource - metadata_catalogue - Shutdown completed.
2026-01-22 16:15:59 [main] INFO  t.g.io/epos-eric/metadata-database/deploy:main - Creating container for image: ghcr.io/epos-eric/metadata-database/deploy:main
2026-01-22 16:15:59 [main] INFO  t.g.io/epos-eric/metadata-database/deploy:main - Container ghcr.io/epos-eric/metadata-database/deploy:main is starting: fd454161123dcff3b4ecc37638b6fed6c6fc7cf01bd28b8d61b18503a6ad4f18
2026-01-22 16:16:02 [main] INFO  t.g.io/epos-eric/metadata-database/deploy:main - Container ghcr.io/epos-eric/metadata-database/deploy:main started in PT3.404701863S
2026-01-22 16:16:02 [main] INFO  t.g.io/epos-eric/metadata-database/deploy:main - Container is started (JDBC URL: jdbc:postgresql://localhost:33086/cerif?loggerLevel=OFF)
2026-01-22 16:16:02 [main] INFO  com.zaxxer.hikari.HikariDataSource - metadata_catalogue - Starting...
2026-01-22 16:16:02 [main] INFO  com.zaxxer.hikari.pool.HikariPool - metadata_catalogue - Added connection org.postgresql.jdbc.PgConnection@5bed8b91
2026-01-22 16:16:02 [main] INFO  com.zaxxer.hikari.HikariDataSource - metadata_catalogue - Start completed.
2026-01-22 16:16:03 [main] INFO  com.zaxxer.hikari.HikariDataSource - metadata_catalogue - Shutdown initiated...
2026-01-22 16:16:03 [main] INFO  com.zaxxer.hikari.HikariDataSource - metadata_catalogue - Shutdown completed.
2026-01-22 16:16:03 [main] INFO  t.g.io/epos-eric/metadata-database/deploy:main - Creating container for image: ghcr.io/epos-eric/metadata-database/deploy:main
2026-01-22 16:16:03 [main] INFO  t.g.io/epos-eric/metadata-database/deploy:main - Container ghcr.io/epos-eric/metadata-database/deploy:main is starting: 856ef2e2f665eb934eab773d0a126ab54d6f07bee611505e3d11ae7d2a4fc853
2026-01-22 16:16:06 [main] INFO  t.g.io/epos-eric/metadata-database/deploy:main - Container ghcr.io/epos-eric/metadata-database/deploy:main started in PT3.480505576S
2026-01-22 16:16:06 [main] INFO  t.g.io/epos-eric/metadata-database/deploy:main - Container is started (JDBC URL: jdbc:postgresql://localhost:33087/cerif?loggerLevel=OFF)
2026-01-22 16:16:06 [main] INFO  com.zaxxer.hikari.HikariDataSource - metadata_catalogue - Starting...
2026-01-22 16:16:06 [main] INFO  com.zaxxer.hikari.pool.HikariPool - metadata_catalogue - Added connection org.postgresql.jdbc.PgConnection@39eea4f6
2026-01-22 16:16:06 [main] INFO  com.zaxxer.hikari.HikariDataSource - metadata_catalogue - Start completed.
2026-01-22 16:16:06 [main] INFO  com.zaxxer.hikari.HikariDataSource - metadata_catalogue - Shutdown initiated...
2026-01-22 16:16:06 [main] INFO  com.zaxxer.hikari.HikariDataSource - metadata_catalogue - Shutdown completed.
2026-01-22 16:18:43 [main] INFO  o.testcontainers.images.PullPolicy - Image pull policy will be performed by: DefaultPullPolicy()
2026-01-22 16:18:43 [main] INFO  o.t.utility.ImageNameSubstitutor - Image name substitution will be performed by: DefaultImageNameSubstitutor (composite of 'ConfigurationFileImageNameSubstitutor' and 'PrefixingImageNameSubstitutor')
2026-01-22 16:18:43 [main] INFO  o.testcontainers.DockerClientFactory - Testcontainers version: 2.0.2
2026-01-22 16:18:43 [main] INFO  o.t.d.DockerClientProviderStrategy - Loaded org.testcontainers.dockerclient.UnixSocketClientProviderStrategy from ~/.testcontainers.properties, will try it first
2026-01-22 16:18:44 [main] INFO  o.t.d.DockerClientProviderStrategy - Found Docker environment with local Unix socket (unix:///var/run/docker.sock)
2026-01-22 16:18:44 [main] INFO  o.testcontainers.DockerClientFactory - Docker host IP address is localhost
2026-01-22 16:18:44 [main] INFO  o.testcontainers.DockerClientFactory - Connected to docker: 
  Server Version: 29.1.3
  API Version: 1.52
  Operating System: EndeavourOS
  Total Memory: 63743 MB
2026-01-22 16:18:44 [main] INFO  tc.testcontainers/ryuk:0.13.0 - Creating container for image: testcontainers/ryuk:0.13.0
2026-01-22 16:18:44 [main] INFO  tc.testcontainers/ryuk:0.13.0 - Container testcontainers/ryuk:0.13.0 is starting: 0afe9a5eeace9cd7e7146251c6e20e01d0cbb0306e26a993794732ace2351b54
2026-01-22 16:18:44 [main] INFO  tc.testcontainers/ryuk:0.13.0 - Container testcontainers/ryuk:0.13.0 started in PT0.434296717S
2026-01-22 16:18:44 [main] INFO  o.t.utility.RyukResourceReaper - Ryuk started - will monitor and terminate Testcontainers containers on JVM exit
2026-01-22 16:18:44 [main] INFO  o.testcontainers.DockerClientFactory - Checking the system...
2026-01-22 16:18:44 [main] INFO  o.testcontainers.DockerClientFactory - ✔︎ Docker server version should be at least 1.6.0
2026-01-22 16:18:44 [main] INFO  t.g.io/epos-eric/metadata-database/deploy:main - Creating container for image: ghcr.io/epos-eric/metadata-database/deploy:main
2026-01-22 16:18:45 [main] INFO  t.g.io/epos-eric/metadata-database/deploy:main - Container ghcr.io/epos-eric/metadata-database/deploy:main is starting: a9c54295241713c8f6ee194246d46046393a5b7674941d9ac6878fb05e063a0c
2026-01-22 16:18:48 [main] INFO  t.g.io/epos-eric/metadata-database/deploy:main - Container ghcr.io/epos-eric/metadata-database/deploy:main started in PT3.815502593S
2026-01-22 16:18:48 [main] INFO  t.g.io/epos-eric/metadata-database/deploy:main - Container is started (JDBC URL: jdbc:postgresql://localhost:33089/cerif?loggerLevel=OFF)
2026-01-22 16:18:48 [main] INFO  com.zaxxer.hikari.HikariDataSource - metadata_catalogue - Starting...
2026-01-22 16:18:48 [main] INFO  com.zaxxer.hikari.pool.HikariPool - metadata_catalogue - Added connection org.postgresql.jdbc.PgConnection@7d17ee50
2026-01-22 16:18:48 [main] INFO  com.zaxxer.hikari.HikariDataSource - metadata_catalogue - Start completed.
2026-01-22 16:18:49 [main] INFO  o.h.validator.internal.util.Version - HV000001: Hibernate Validator 8.0.2.Final
2026-01-22 16:18:49 [main] INFO  com.zaxxer.hikari.HikariDataSource - metadata_catalogue - Shutdown initiated...
2026-01-22 16:18:49 [main] INFO  com.zaxxer.hikari.HikariDataSource - metadata_catalogue - Shutdown completed.
2026-01-22 16:18:50 [main] INFO  t.g.io/epos-eric/metadata-database/deploy:main - Creating container for image: ghcr.io/epos-eric/metadata-database/deploy:main
2026-01-22 16:18:50 [main] INFO  t.g.io/epos-eric/metadata-database/deploy:main - Container ghcr.io/epos-eric/metadata-database/deploy:main is starting: 4da817cd2bcbc30e617cd68f29e7ccd303db973e2a8d74c7f94290776f999ebc
2026-01-22 16:18:53 [main] INFO  t.g.io/epos-eric/metadata-database/deploy:main - Container ghcr.io/epos-eric/metadata-database/deploy:main started in PT3.53773387S
2026-01-22 16:18:53 [main] INFO  t.g.io/epos-eric/metadata-database/deploy:main - Container is started (JDBC URL: jdbc:postgresql://localhost:33090/cerif?loggerLevel=OFF)
2026-01-22 16:18:53 [main] INFO  com.zaxxer.hikari.HikariDataSource - metadata_catalogue - Starting...
2026-01-22 16:18:53 [main] INFO  com.zaxxer.hikari.pool.HikariPool - metadata_catalogue - Added connection org.postgresql.jdbc.PgConnection@2a6dbb7c
2026-01-22 16:18:53 [main] INFO  com.zaxxer.hikari.HikariDataSource - metadata_catalogue - Start completed.
2026-01-22 16:18:53 [main] INFO  com.zaxxer.hikari.HikariDataSource - metadata_catalogue - Shutdown initiated...
2026-01-22 16:18:53 [main] INFO  com.zaxxer.hikari.HikariDataSource - metadata_catalogue - Shutdown completed.
2026-01-22 16:18:54 [main] INFO  t.g.io/epos-eric/metadata-database/deploy:main - Creating container for image: ghcr.io/epos-eric/metadata-database/deploy:main
2026-01-22 16:18:54 [main] INFO  t.g.io/epos-eric/metadata-database/deploy:main - Container ghcr.io/epos-eric/metadata-database/deploy:main is starting: 2b9a7d6607aefbd2c8a4fc64b635fbeadc22f0f12f059fec010dea15ddbed827
2026-01-22 16:18:57 [main] INFO  t.g.io/epos-eric/metadata-database/deploy:main - Container ghcr.io/epos-eric/metadata-database/deploy:main started in PT3.407301971S
2026-01-22 16:18:57 [main] INFO  t.g.io/epos-eric/metadata-database/deploy:main - Container is started (JDBC URL: jdbc:postgresql://localhost:33091/cerif?loggerLevel=OFF)
2026-01-22 16:18:57 [main] INFO  com.zaxxer.hikari.HikariDataSource - metadata_catalogue - Starting...
2026-01-22 16:18:57 [main] INFO  com.zaxxer.hikari.pool.HikariPool - metadata_catalogue - Added connection org.postgresql.jdbc.PgConnection@3cc6f036
2026-01-22 16:18:57 [main] INFO  com.zaxxer.hikari.HikariDataSource - metadata_catalogue - Start completed.
2026-01-22 16:18:57 [main] INFO  com.zaxxer.hikari.HikariDataSource - metadata_catalogue - Shutdown initiated...
2026-01-22 16:18:57 [main] INFO  com.zaxxer.hikari.HikariDataSource - metadata_catalogue - Shutdown completed.
2026-01-22 16:18:58 [main] INFO  t.g.io/epos-eric/metadata-database/deploy:main - Creating container for image: ghcr.io/epos-eric/metadata-database/deploy:main
2026-01-22 16:18:58 [main] INFO  t.g.io/epos-eric/metadata-database/deploy:main - Container ghcr.io/epos-eric/metadata-database/deploy:main is starting: a521ee25511a818e1ed0f1ca0de5aec0868ba97b9883c251f47a599c65411ce4
2026-01-22 16:19:01 [main] INFO  t.g.io/epos-eric/metadata-database/deploy:main - Container ghcr.io/epos-eric/metadata-database/deploy:main started in PT3.479244618S
2026-01-22 16:19:01 [main] INFO  t.g.io/epos-eric/metadata-database/deploy:main - Container is started (JDBC URL: jdbc:postgresql://localhost:33092/cerif?loggerLevel=OFF)
2026-01-22 16:19:01 [main] INFO  com.zaxxer.hikari.HikariDataSource - metadata_catalogue - Starting...
2026-01-22 16:19:01 [main] INFO  com.zaxxer.hikari.pool.HikariPool - metadata_catalogue - Added connection org.postgresql.jdbc.PgConnection@4891d727
2026-01-22 16:19:01 [main] INFO  com.zaxxer.hikari.HikariDataSource - metadata_catalogue - Start completed.
2026-01-22 16:19:01 [main] INFO  com.zaxxer.hikari.HikariDataSource - metadata_catalogue - Shutdown initiated...
2026-01-22 16:19:01 [main] INFO  com.zaxxer.hikari.HikariDataSource - metadata_catalogue - Shutdown completed.
2026-01-22 16:19:01 [main] INFO  t.g.io/epos-eric/metadata-database/deploy:main - Creating container for image: ghcr.io/epos-eric/metadata-database/deploy:main
2026-01-22 16:19:01 [main] INFO  t.g.io/epos-eric/metadata-database/deploy:main - Container ghcr.io/epos-eric/metadata-database/deploy:main is starting: 713752a19099a3335f575a3e0646db3a4d286b902f737c669213583eb8d7cb26
2026-01-22 16:19:05 [main] INFO  t.g.io/epos-eric/metadata-database/deploy:main - Container ghcr.io/epos-eric/metadata-database/deploy:main started in PT3.391870177S
2026-01-22 16:19:05 [main] INFO  t.g.io/epos-eric/metadata-database/deploy:main - Container is started (JDBC URL: jdbc:postgresql://localhost:33093/cerif?loggerLevel=OFF)
2026-01-22 16:19:05 [main] INFO  com.zaxxer.hikari.HikariDataSource - metadata_catalogue - Starting...
2026-01-22 16:19:05 [main] INFO  com.zaxxer.hikari.pool.HikariPool - metadata_catalogue - Added connection org.postgresql.jdbc.PgConnection@34c07ecc
2026-01-22 16:19:05 [main] INFO  com.zaxxer.hikari.HikariDataSource - metadata_catalogue - Start completed.
2026-01-22 16:19:05 [main] INFO  com.zaxxer.hikari.HikariDataSource - metadata_catalogue - Shutdown initiated...
2026-01-22 16:19:05 [main] INFO  com.zaxxer.hikari.HikariDataSource - metadata_catalogue - Shutdown completed.
2026-01-22 16:19:05 [main] INFO  t.g.io/epos-eric/metadata-database/deploy:main - Creating container for image: ghcr.io/epos-eric/metadata-database/deploy:main
2026-01-22 16:19:05 [main] INFO  t.g.io/epos-eric/metadata-database/deploy:main - Container ghcr.io/epos-eric/metadata-database/deploy:main is starting: a287905d36c26fbadf30a20c8270cf3b8184fc5f59820a80ae5a7cf0dd578f7a
2026-01-22 16:19:08 [main] INFO  t.g.io/epos-eric/metadata-database/deploy:main - Container ghcr.io/epos-eric/metadata-database/deploy:main started in PT3.386764814S
2026-01-22 16:19:08 [main] INFO  t.g.io/epos-eric/metadata-database/deploy:main - Container is started (JDBC URL: jdbc:postgresql://localhost:33094/cerif?loggerLevel=OFF)
2026-01-22 16:19:08 [main] INFO  com.zaxxer.hikari.HikariDataSource - metadata_catalogue - Starting...
2026-01-22 16:19:08 [main] INFO  com.zaxxer.hikari.pool.HikariPool - metadata_catalogue - Added connection org.postgresql.jdbc.PgConnection@217009bd
2026-01-22 16:19:08 [main] INFO  com.zaxxer.hikari.HikariDataSource - metadata_catalogue - Start completed.
2026-01-22 16:19:09 [main] INFO  com.zaxxer.hikari.HikariDataSource - metadata_catalogue - Shutdown initiated...
2026-01-22 16:19:09 [main] INFO  com.zaxxer.hikari.HikariDataSource - metadata_catalogue - Shutdown completed.
2026-01-22 16:19:09 [main] INFO  t.g.io/epos-eric/metadata-database/deploy:main - Creating container for image: ghcr.io/epos-eric/metadata-database/deploy:main
2026-01-22 16:19:09 [main] INFO  t.g.io/epos-eric/metadata-database/deploy:main - Container ghcr.io/epos-eric/metadata-database/deploy:main is starting: ef06ff814012fb93005c3a296721ab1f6d43f4800badefca91aaacf39cd9c8ee
2026-01-22 16:19:12 [main] INFO  t.g.io/epos-eric/metadata-database/deploy:main - Container ghcr.io/epos-eric/metadata-database/deploy:main started in PT3.59388841S
2026-01-22 16:19:12 [main] INFO  t.g.io/epos-eric/metadata-database/deploy:main - Container is started (JDBC URL: jdbc:postgresql://localhost:33095/cerif?loggerLevel=OFF)
2026-01-22 16:19:12 [main] INFO  com.zaxxer.hikari.HikariDataSource - metadata_catalogue - Starting...
2026-01-22 16:19:12 [main] INFO  com.zaxxer.hikari.pool.HikariPool - metadata_catalogue - Added connection org.postgresql.jdbc.PgConnection@4917992b
2026-01-22 16:19:12 [main] INFO  com.zaxxer.hikari.HikariDataSource - metadata_catalogue - Start completed.
2026-01-22 16:19:13 [main] INFO  com.zaxxer.hikari.HikariDataSource - metadata_catalogue - Shutdown initiated...
2026-01-22 16:19:13 [main] INFO  com.zaxxer.hikari.HikariDataSource - metadata_catalogue - Shutdown completed.
2026-01-22 16:19:13 [main] INFO  t.g.io/epos-eric/metadata-database/deploy:main - Creating container for image: ghcr.io/epos-eric/metadata-database/deploy:main
2026-01-22 16:19:13 [main] INFO  t.g.io/epos-eric/metadata-database/deploy:main - Container ghcr.io/epos-eric/metadata-database/deploy:main is starting: fecde1d28dc48051156d8bf57656cd70fe72150da114e6d54afa5e97cea10c3f
2026-01-22 16:19:16 [main] INFO  t.g.io/epos-eric/metadata-database/deploy:main - Container ghcr.io/epos-eric/metadata-database/deploy:main started in PT3.521830589S
2026-01-22 16:19:16 [main] INFO  t.g.io/epos-eric/metadata-database/deploy:main - Container is started (JDBC URL: jdbc:postgresql://localhost:33096/cerif?loggerLevel=OFF)
2026-01-22 16:19:16 [main] INFO  com.zaxxer.hikari.HikariDataSource - metadata_catalogue - Starting...
2026-01-22 16:19:16 [main] INFO  com.zaxxer.hikari.pool.HikariPool - metadata_catalogue - Added connection org.postgresql.jdbc.PgConnection@6a5a99d9
2026-01-22 16:19:16 [main] INFO  com.zaxxer.hikari.HikariDataSource - metadata_catalogue - Start completed.
2026-01-22 16:19:16 [main] INFO  com.zaxxer.hikari.HikariDataSource - metadata_catalogue - Shutdown initiated...
2026-01-22 16:19:16 [main] INFO  com.zaxxer.hikari.HikariDataSource - metadata_catalogue - Shutdown completed.
2026-01-22 16:23:01 [main] INFO  o.testcontainers.images.PullPolicy - Image pull policy will be performed by: DefaultPullPolicy()
2026-01-22 16:23:01 [main] INFO  o.t.utility.ImageNameSubstitutor - Image name substitution will be performed by: DefaultImageNameSubstitutor (composite of 'ConfigurationFileImageNameSubstitutor' and 'PrefixingImageNameSubstitutor')
2026-01-22 16:23:01 [main] INFO  o.testcontainers.DockerClientFactory - Testcontainers version: 2.0.2
2026-01-22 16:23:01 [main] INFO  o.t.d.DockerClientProviderStrategy - Loaded org.testcontainers.dockerclient.UnixSocketClientProviderStrategy from ~/.testcontainers.properties, will try it first
2026-01-22 16:23:01 [main] INFO  o.t.d.DockerClientProviderStrategy - Found Docker environment with local Unix socket (unix:///var/run/docker.sock)
2026-01-22 16:23:01 [main] INFO  o.testcontainers.DockerClientFactory - Docker host IP address is localhost
2026-01-22 16:23:01 [main] INFO  o.testcontainers.DockerClientFactory - Connected to docker: 
  Server Version: 29.1.3
  API Version: 1.52
  Operating System: EndeavourOS
  Total Memory: 63743 MB
2026-01-22 16:23:01 [main] INFO  tc.testcontainers/ryuk:0.13.0 - Creating container for image: testcontainers/ryuk:0.13.0
2026-01-22 16:23:01 [main] INFO  tc.testcontainers/ryuk:0.13.0 - Container testcontainers/ryuk:0.13.0 is starting: a60cfacf456eacbc8d631cf4935deeabdd14481db683fd28d31e4bec565beba8
2026-01-22 16:23:02 [main] INFO  tc.testcontainers/ryuk:0.13.0 - Container testcontainers/ryuk:0.13.0 started in PT0.360846083S
2026-01-22 16:23:02 [main] INFO  o.t.utility.RyukResourceReaper - Ryuk started - will monitor and terminate Testcontainers containers on JVM exit
2026-01-22 16:23:02 [main] INFO  o.testcontainers.DockerClientFactory - Checking the system...
2026-01-22 16:23:02 [main] INFO  o.testcontainers.DockerClientFactory - ✔︎ Docker server version should be at least 1.6.0
2026-01-22 16:23:02 [main] INFO  t.g.io/epos-eric/metadata-database/deploy:main - Creating container for image: ghcr.io/epos-eric/metadata-database/deploy:main
2026-01-22 16:23:02 [main] INFO  t.g.io/epos-eric/metadata-database/deploy:main - Container ghcr.io/epos-eric/metadata-database/deploy:main is starting: 381431b93119513739bf8d9bf89bffa279f4b01015e2dc5b792cef6690aa81e0
2026-01-22 16:23:05 [main] INFO  t.g.io/epos-eric/metadata-database/deploy:main - Container ghcr.io/epos-eric/metadata-database/deploy:main started in PT3.583680849S
2026-01-22 16:23:05 [main] INFO  t.g.io/epos-eric/metadata-database/deploy:main - Container is started (JDBC URL: jdbc:postgresql://localhost:33098/cerif?loggerLevel=OFF)
2026-01-22 16:23:05 [main] INFO  com.zaxxer.hikari.HikariDataSource - metadata_catalogue - Starting...
2026-01-22 16:23:05 [main] INFO  com.zaxxer.hikari.pool.HikariPool - metadata_catalogue - Added connection org.postgresql.jdbc.PgConnection@2e32fc22
2026-01-22 16:23:05 [main] INFO  com.zaxxer.hikari.HikariDataSource - metadata_catalogue - Start completed.
2026-01-22 16:23:06 [main] INFO  o.h.validator.internal.util.Version - HV000001: Hibernate Validator 8.0.2.Final
2026-01-22 16:23:06 [main] INFO  com.zaxxer.hikari.HikariDataSource - metadata_catalogue - Shutdown initiated...
2026-01-22 16:23:06 [main] INFO  com.zaxxer.hikari.HikariDataSource - metadata_catalogue - Shutdown completed.
2026-01-22 16:23:07 [main] INFO  t.g.io/epos-eric/metadata-database/deploy:main - Creating container for image: ghcr.io/epos-eric/metadata-database/deploy:main
2026-01-22 16:23:07 [main] INFO  t.g.io/epos-eric/metadata-database/deploy:main - Container ghcr.io/epos-eric/metadata-database/deploy:main is starting: e6531e962fc1c99f5ef8df20b23e184292f31d2960cadc2a710e09572c8f0ad4
2026-01-22 16:23:10 [main] INFO  t.g.io/epos-eric/metadata-database/deploy:main - Container ghcr.io/epos-eric/metadata-database/deploy:main started in PT3.50385527S
2026-01-22 16:23:10 [main] INFO  t.g.io/epos-eric/metadata-database/deploy:main - Container is started (JDBC URL: jdbc:postgresql://localhost:33099/cerif?loggerLevel=OFF)
2026-01-22 16:23:10 [main] INFO  com.zaxxer.hikari.HikariDataSource - metadata_catalogue - Starting...
2026-01-22 16:23:10 [main] INFO  com.zaxxer.hikari.pool.HikariPool - metadata_catalogue - Added connection org.postgresql.jdbc.PgConnection@3573e19d
2026-01-22 16:23:10 [main] INFO  com.zaxxer.hikari.HikariDataSource - metadata_catalogue - Start completed.
2026-01-22 16:23:10 [main] INFO  com.zaxxer.hikari.HikariDataSource - metadata_catalogue - Shutdown initiated...
2026-01-22 16:23:10 [main] INFO  com.zaxxer.hikari.HikariDataSource - metadata_catalogue - Shutdown completed.
2026-01-22 16:23:11 [main] INFO  t.g.io/epos-eric/metadata-database/deploy:main - Creating container for image: ghcr.io/epos-eric/metadata-database/deploy:main
2026-01-22 16:23:11 [main] INFO  t.g.io/epos-eric/metadata-database/deploy:main - Container ghcr.io/epos-eric/metadata-database/deploy:main is starting: ad9dd690bac1b65131c9f1c3655d38fd053490597381cc947314ef14d114bfce
2026-01-22 16:23:14 [main] INFO  t.g.io/epos-eric/metadata-database/deploy:main - Container ghcr.io/epos-eric/metadata-database/deploy:main started in PT3.405485084S
2026-01-22 16:23:14 [main] INFO  t.g.io/epos-eric/metadata-database/deploy:main - Container is started (JDBC URL: jdbc:postgresql://localhost:33100/cerif?loggerLevel=OFF)
2026-01-22 16:23:14 [main] INFO  com.zaxxer.hikari.HikariDataSource - metadata_catalogue - Starting...
2026-01-22 16:23:14 [main] INFO  com.zaxxer.hikari.pool.HikariPool - metadata_catalogue - Added connection org.postgresql.jdbc.PgConnection@7b0525a8
2026-01-22 16:23:14 [main] INFO  com.zaxxer.hikari.HikariDataSource - metadata_catalogue - Start completed.
2026-01-22 16:23:14 [main] INFO  com.zaxxer.hikari.HikariDataSource - metadata_catalogue - Shutdown initiated...
2026-01-22 16:23:14 [main] INFO  com.zaxxer.hikari.HikariDataSource - metadata_catalogue - Shutdown completed.
2026-01-22 16:23:15 [main] INFO  t.g.io/epos-eric/metadata-database/deploy:main - Creating container for image: ghcr.io/epos-eric/metadata-database/deploy:main
2026-01-22 16:23:15 [main] INFO  t.g.io/epos-eric/metadata-database/deploy:main - Container ghcr.io/epos-eric/metadata-database/deploy:main is starting: b1614ed9d700f4f209147ab16a72d70cda632aa77754797607a8d696c5d4e21c
2026-01-22 16:23:18 [main] INFO  t.g.io/epos-eric/metadata-database/deploy:main - Container ghcr.io/epos-eric/metadata-database/deploy:main started in PT3.38796314S
2026-01-22 16:23:18 [main] INFO  t.g.io/epos-eric/metadata-database/deploy:main - Container is started (JDBC URL: jdbc:postgresql://localhost:33101/cerif?loggerLevel=OFF)
2026-01-22 16:23:18 [main] INFO  com.zaxxer.hikari.HikariDataSource - metadata_catalogue - Starting...
2026-01-22 16:23:18 [main] INFO  com.zaxxer.hikari.pool.HikariPool - metadata_catalogue - Added connection org.postgresql.jdbc.PgConnection@3e149513
2026-01-22 16:23:18 [main] INFO  com.zaxxer.hikari.HikariDataSource - metadata_catalogue - Start completed.
2026-01-22 16:23:18 [main] INFO  com.zaxxer.hikari.HikariDataSource - metadata_catalogue - Shutdown initiated...
2026-01-22 16:23:18 [main] INFO  com.zaxxer.hikari.HikariDataSource - metadata_catalogue - Shutdown completed.
2026-01-22 16:23:18 [main] INFO  t.g.io/epos-eric/metadata-database/deploy:main - Creating container for image: ghcr.io/epos-eric/metadata-database/deploy:main
2026-01-22 16:23:18 [main] INFO  t.g.io/epos-eric/metadata-database/deploy:main - Container ghcr.io/epos-eric/metadata-database/deploy:main is starting: 5806a4aecec45939e7e4bdacd9faa35acf789c41814aecab0b5e7ca358b9ca9c
2026-01-22 16:23:22 [main] INFO  t.g.io/epos-eric/metadata-database/deploy:main - Container ghcr.io/epos-eric/metadata-database/deploy:main started in PT3.412325456S
2026-01-22 16:23:22 [main] INFO  t.g.io/epos-eric/metadata-database/deploy:main - Container is started (JDBC URL: jdbc:postgresql://localhost:33102/cerif?loggerLevel=OFF)
2026-01-22 16:23:22 [main] INFO  com.zaxxer.hikari.HikariDataSource - metadata_catalogue - Starting...
2026-01-22 16:23:22 [main] INFO  com.zaxxer.hikari.pool.HikariPool - metadata_catalogue - Added connection org.postgresql.jdbc.PgConnection@236f3885
2026-01-22 16:23:22 [main] INFO  com.zaxxer.hikari.HikariDataSource - metadata_catalogue - Start completed.
2026-01-22 16:23:22 [main] INFO  com.zaxxer.hikari.HikariDataSource - metadata_catalogue - Shutdown initiated...
2026-01-22 16:23:22 [main] INFO  com.zaxxer.hikari.HikariDataSource - metadata_catalogue - Shutdown completed.
2026-01-22 16:23:22 [main] INFO  t.g.io/epos-eric/metadata-database/deploy:main - Creating container for image: ghcr.io/epos-eric/metadata-database/deploy:main
2026-01-22 16:23:22 [main] INFO  t.g.io/epos-eric/metadata-database/deploy:main - Container ghcr.io/epos-eric/metadata-database/deploy:main is starting: 3021c8f358c1895e59067472be4c0b1858ef54fc9bda8d1cd10aedfd16b6c0b7
2026-01-22 16:23:25 [main] INFO  t.g.io/epos-eric/metadata-database/deploy:main - Container ghcr.io/epos-eric/metadata-database/deploy:main started in PT3.385869031S
2026-01-22 16:23:25 [main] INFO  t.g.io/epos-eric/metadata-database/deploy:main - Container is started (JDBC URL: jdbc:postgresql://localhost:33103/cerif?loggerLevel=OFF)
2026-01-22 16:23:25 [main] INFO  com.zaxxer.hikari.HikariDataSource - metadata_catalogue - Starting...
2026-01-22 16:23:25 [main] INFO  com.zaxxer.hikari.pool.HikariPool - metadata_catalogue - Added connection org.postgresql.jdbc.PgConnection@54cce500
2026-01-22 16:23:25 [main] INFO  com.zaxxer.hikari.HikariDataSource - metadata_catalogue - Start completed.
2026-01-22 16:23:26 [main] INFO  com.zaxxer.hikari.HikariDataSource - metadata_catalogue - Shutdown initiated...
2026-01-22 16:23:26 [main] INFO  com.zaxxer.hikari.HikariDataSource - metadata_catalogue - Shutdown completed.
2026-01-22 16:23:26 [main] INFO  t.g.io/epos-eric/metadata-database/deploy:main - Creating container for image: ghcr.io/epos-eric/metadata-database/deploy:main
2026-01-22 16:23:26 [main] INFO  t.g.io/epos-eric/metadata-database/deploy:main - Container ghcr.io/epos-eric/metadata-database/deploy:main is starting: 2938196e8039ca7b98e8758b5da23ec1d96b4b1ad49cb20bd5171b6ad13308f7
2026-01-22 16:23:29 [main] INFO  t.g.io/epos-eric/metadata-database/deploy:main - Container ghcr.io/epos-eric/metadata-database/deploy:main started in PT3.493763555S
2026-01-22 16:23:29 [main] INFO  t.g.io/epos-eric/metadata-database/deploy:main - Container is started (JDBC URL: jdbc:postgresql://localhost:33104/cerif?loggerLevel=OFF)
2026-01-22 16:23:29 [main] INFO  com.zaxxer.hikari.HikariDataSource - metadata_catalogue - Starting...
2026-01-22 16:23:29 [main] INFO  com.zaxxer.hikari.pool.HikariPool - metadata_catalogue - Added connection org.postgresql.jdbc.PgConnection@27f4761b
2026-01-22 16:23:29 [main] INFO  com.zaxxer.hikari.HikariDataSource - metadata_catalogue - Start completed.
2026-01-22 16:23:29 [main] INFO  com.zaxxer.hikari.HikariDataSource - metadata_catalogue - Shutdown initiated...
2026-01-22 16:23:29 [main] INFO  com.zaxxer.hikari.HikariDataSource - metadata_catalogue - Shutdown completed.
2026-01-22 16:23:30 [main] INFO  t.g.io/epos-eric/metadata-database/deploy:main - Creating container for image: ghcr.io/epos-eric/metadata-database/deploy:main
2026-01-22 16:23:30 [main] INFO  t.g.io/epos-eric/metadata-database/deploy:main - Container ghcr.io/epos-eric/metadata-database/deploy:main is starting: 8744fca80a8e245f2194cfe9d22d27d5c40efced024bdd76f28f435a0fa0c750
2026-01-22 16:23:34 [main] INFO  t.g.io/epos-eric/metadata-database/deploy:main - Container ghcr.io/epos-eric/metadata-database/deploy:main started in PT4.494401894S
2026-01-22 16:23:34 [main] INFO  t.g.io/epos-eric/metadata-database/deploy:main - Container is started (JDBC URL: jdbc:postgresql://localhost:33105/cerif?loggerLevel=OFF)
2026-01-22 16:23:34 [main] INFO  com.zaxxer.hikari.HikariDataSource - metadata_catalogue - Starting...
2026-01-22 16:23:34 [main] INFO  com.zaxxer.hikari.pool.HikariPool - metadata_catalogue - Added connection org.postgresql.jdbc.PgConnection@28a33dc9
2026-01-22 16:23:34 [main] INFO  com.zaxxer.hikari.HikariDataSource - metadata_catalogue - Start completed.
2026-01-22 16:23:34 [main] INFO  com.zaxxer.hikari.HikariDataSource - metadata_catalogue - Shutdown initiated...
2026-01-22 16:23:34 [main] INFO  com.zaxxer.hikari.HikariDataSource - metadata_catalogue - Shutdown completed.
2026-01-22 16:33:59 [main] INFO  o.testcontainers.images.PullPolicy - Image pull policy will be performed by: DefaultPullPolicy()
2026-01-22 16:33:59 [main] INFO  o.t.utility.ImageNameSubstitutor - Image name substitution will be performed by: DefaultImageNameSubstitutor (composite of 'ConfigurationFileImageNameSubstitutor' and 'PrefixingImageNameSubstitutor')
2026-01-22 16:33:59 [main] INFO  o.testcontainers.DockerClientFactory - Testcontainers version: 2.0.2
2026-01-22 16:34:00 [main] INFO  o.t.d.DockerClientProviderStrategy - Loaded org.testcontainers.dockerclient.UnixSocketClientProviderStrategy from ~/.testcontainers.properties, will try it first
2026-01-22 16:34:00 [main] INFO  o.t.d.DockerClientProviderStrategy - Found Docker environment with local Unix socket (unix:///var/run/docker.sock)
2026-01-22 16:34:00 [main] INFO  o.testcontainers.DockerClientFactory - Docker host IP address is localhost
2026-01-22 16:34:00 [main] INFO  o.testcontainers.DockerClientFactory - Connected to docker: 
  Server Version: 29.1.3
  API Version: 1.52
  Operating System: EndeavourOS
  Total Memory: 63743 MB
2026-01-22 16:34:00 [main] INFO  tc.testcontainers/ryuk:0.13.0 - Creating container for image: testcontainers/ryuk:0.13.0
2026-01-22 16:34:00 [main] INFO  tc.testcontainers/ryuk:0.13.0 - Container testcontainers/ryuk:0.13.0 is starting: 0171ae0f8cb516f60948a95dc6645ed47b0875cdf814a6edaff4dbab0aa1c4ae
2026-01-22 16:34:01 [main] INFO  tc.testcontainers/ryuk:0.13.0 - Container testcontainers/ryuk:0.13.0 started in PT0.435028757S
2026-01-22 16:34:01 [main] INFO  o.t.utility.RyukResourceReaper - Ryuk started - will monitor and terminate Testcontainers containers on JVM exit
2026-01-22 16:34:01 [main] INFO  o.testcontainers.DockerClientFactory - Checking the system...
2026-01-22 16:34:01 [main] INFO  o.testcontainers.DockerClientFactory - ✔︎ Docker server version should be at least 1.6.0
2026-01-22 16:34:01 [main] INFO  t.g.io/epos-eric/metadata-database/deploy:main - Creating container for image: ghcr.io/epos-eric/metadata-database/deploy:main
2026-01-22 16:34:01 [main] INFO  t.g.io/epos-eric/metadata-database/deploy:main - Container ghcr.io/epos-eric/metadata-database/deploy:main is starting: 43f0506e6480b4585bd7d981c33ed4191b6a4a9d5b4fad0e573b1e84fcdfe848
2026-01-22 16:34:05 [main] INFO  t.g.io/epos-eric/metadata-database/deploy:main - Container ghcr.io/epos-eric/metadata-database/deploy:main started in PT3.943221068S
2026-01-22 16:34:05 [main] INFO  t.g.io/epos-eric/metadata-database/deploy:main - Container is started (JDBC URL: jdbc:postgresql://localhost:33159/cerif?loggerLevel=OFF)
2026-01-22 16:34:05 [main] INFO  com.zaxxer.hikari.HikariDataSource - metadata_catalogue - Starting...
2026-01-22 16:34:05 [main] INFO  com.zaxxer.hikari.pool.HikariPool - metadata_catalogue - Added connection org.postgresql.jdbc.PgConnection@1823b9c4
2026-01-22 16:34:05 [main] INFO  com.zaxxer.hikari.HikariDataSource - metadata_catalogue - Start completed.
2026-01-22 16:34:05 [main] INFO  o.h.validator.internal.util.Version - HV000001: Hibernate Validator 8.0.2.Final
2026-01-22 16:34:06 [main] INFO  com.zaxxer.hikari.HikariDataSource - metadata_catalogue - Shutdown initiated...
2026-01-22 16:34:06 [main] INFO  com.zaxxer.hikari.HikariDataSource - metadata_catalogue - Shutdown completed.
2026-01-22 16:34:06 [main] INFO  t.g.io/epos-eric/metadata-database/deploy:main - Creating container for image: ghcr.io/epos-eric/metadata-database/deploy:main
2026-01-22 16:34:06 [main] INFO  t.g.io/epos-eric/metadata-database/deploy:main - Container ghcr.io/epos-eric/metadata-database/deploy:main is starting: 124529015fbd8011814832e4ac97373b8882ebc77b55a412fed6be38fe9aa6cc
2026-01-22 16:34:10 [main] INFO  t.g.io/epos-eric/metadata-database/deploy:main - Container ghcr.io/epos-eric/metadata-database/deploy:main started in PT3.650837571S
2026-01-22 16:34:10 [main] INFO  t.g.io/epos-eric/metadata-database/deploy:main - Container is started (JDBC URL: jdbc:postgresql://localhost:33160/cerif?loggerLevel=OFF)
2026-01-22 16:34:10 [main] INFO  com.zaxxer.hikari.HikariDataSource - metadata_catalogue - Starting...
2026-01-22 16:34:10 [main] INFO  com.zaxxer.hikari.pool.HikariPool - metadata_catalogue - Added connection org.postgresql.jdbc.PgConnection@b6136eb
2026-01-22 16:34:10 [main] INFO  com.zaxxer.hikari.HikariDataSource - metadata_catalogue - Start completed.
2026-01-22 16:34:10 [main] INFO  com.zaxxer.hikari.HikariDataSource - metadata_catalogue - Shutdown initiated...
2026-01-22 16:34:10 [main] INFO  com.zaxxer.hikari.HikariDataSource - metadata_catalogue - Shutdown completed.
2026-01-22 16:34:10 [main] INFO  t.g.io/epos-eric/metadata-database/deploy:main - Creating container for image: ghcr.io/epos-eric/metadata-database/deploy:main
2026-01-22 16:34:10 [main] INFO  t.g.io/epos-eric/metadata-database/deploy:main - Container ghcr.io/epos-eric/metadata-database/deploy:main is starting: c0bc232d481d4424c7639f3ad4a8cfe09ce193d2ecea4a9fd3da3e507ff37426
2026-01-22 16:34:14 [main] INFO  t.g.io/epos-eric/metadata-database/deploy:main - Container ghcr.io/epos-eric/metadata-database/deploy:main started in PT3.543751894S
2026-01-22 16:34:14 [main] INFO  t.g.io/epos-eric/metadata-database/deploy:main - Container is started (JDBC URL: jdbc:postgresql://localhost:33161/cerif?loggerLevel=OFF)
2026-01-22 16:34:14 [main] INFO  com.zaxxer.hikari.HikariDataSource - metadata_catalogue - Starting...
2026-01-22 16:34:14 [main] INFO  com.zaxxer.hikari.pool.HikariPool - metadata_catalogue - Added connection org.postgresql.jdbc.PgConnection@47d81427
2026-01-22 16:34:14 [main] INFO  com.zaxxer.hikari.HikariDataSource - metadata_catalogue - Start completed.
2026-01-22 16:34:14 [main] INFO  com.zaxxer.hikari.HikariDataSource - metadata_catalogue - Shutdown initiated...
2026-01-22 16:34:14 [main] INFO  com.zaxxer.hikari.HikariDataSource - metadata_catalogue - Shutdown completed.
2026-01-22 16:34:14 [main] INFO  t.g.io/epos-eric/metadata-database/deploy:main - Creating container for image: ghcr.io/epos-eric/metadata-database/deploy:main
2026-01-22 16:34:14 [main] INFO  t.g.io/epos-eric/metadata-database/deploy:main - Container ghcr.io/epos-eric/metadata-database/deploy:main is starting: 30806e4de4c7c6a3d1a152972f024d225a20243b4fb7856f7e225cf40cd2f53a
2026-01-22 16:34:18 [main] INFO  t.g.io/epos-eric/metadata-database/deploy:main - Container ghcr.io/epos-eric/metadata-database/deploy:main started in PT3.715272405S
2026-01-22 16:34:18 [main] INFO  t.g.io/epos-eric/metadata-database/deploy:main - Container is started (JDBC URL: jdbc:postgresql://localhost:33162/cerif?loggerLevel=OFF)
2026-01-22 16:34:18 [main] INFO  com.zaxxer.hikari.HikariDataSource - metadata_catalogue - Starting...
2026-01-22 16:34:18 [main] INFO  com.zaxxer.hikari.pool.HikariPool - metadata_catalogue - Added connection org.postgresql.jdbc.PgConnection@71e409f
2026-01-22 16:34:18 [main] INFO  com.zaxxer.hikari.HikariDataSource - metadata_catalogue - Start completed.
2026-01-22 16:34:18 [main] INFO  com.zaxxer.hikari.HikariDataSource - metadata_catalogue - Shutdown initiated...
2026-01-22 16:34:18 [main] INFO  com.zaxxer.hikari.HikariDataSource - metadata_catalogue - Shutdown completed.
2026-01-22 16:34:18 [main] INFO  t.g.io/epos-eric/metadata-database/deploy:main - Creating container for image: ghcr.io/epos-eric/metadata-database/deploy:main
2026-01-22 16:34:18 [main] INFO  t.g.io/epos-eric/metadata-database/deploy:main - Container ghcr.io/epos-eric/metadata-database/deploy:main is starting: 7ceaf0ac6dbf103e839555bf2fddf368ca02bc3067a35e14a25c44bf30be3030
2026-01-22 16:34:23 [main] INFO  t.g.io/epos-eric/metadata-database/deploy:main - Container ghcr.io/epos-eric/metadata-database/deploy:main started in PT4.18627685S
2026-01-22 16:34:23 [main] INFO  t.g.io/epos-eric/metadata-database/deploy:main - Container is started (JDBC URL: jdbc:postgresql://localhost:33163/cerif?loggerLevel=OFF)
2026-01-22 16:34:23 [main] INFO  com.zaxxer.hikari.HikariDataSource - metadata_catalogue - Starting...
2026-01-22 16:34:23 [main] INFO  com.zaxxer.hikari.pool.HikariPool - metadata_catalogue - Added connection org.postgresql.jdbc.PgConnection@4ed19540
2026-01-22 16:34:23 [main] INFO  com.zaxxer.hikari.HikariDataSource - metadata_catalogue - Start completed.
2026-01-22 16:34:23 [main] INFO  com.zaxxer.hikari.HikariDataSource - metadata_catalogue - Shutdown initiated...
2026-01-22 16:34:23 [main] INFO  com.zaxxer.hikari.HikariDataSource - metadata_catalogue - Shutdown completed.
2026-01-22 16:34:23 [main] INFO  t.g.io/epos-eric/metadata-database/deploy:main - Creating container for image: ghcr.io/epos-eric/metadata-database/deploy:main
2026-01-22 16:34:23 [main] INFO  t.g.io/epos-eric/metadata-database/deploy:main - Container ghcr.io/epos-eric/metadata-database/deploy:main is starting: 93a597947098f43d220f3dd1c727454c490db1f019ee99d084d5b33463b8409c
2026-01-22 16:34:27 [main] INFO  t.g.io/epos-eric/metadata-database/deploy:main - Container ghcr.io/epos-eric/metadata-database/deploy:main started in PT3.630372919S
2026-01-22 16:34:27 [main] INFO  t.g.io/epos-eric/metadata-database/deploy:main - Container is started (JDBC URL: jdbc:postgresql://localhost:33164/cerif?loggerLevel=OFF)
2026-01-22 16:34:27 [main] INFO  com.zaxxer.hikari.HikariDataSource - metadata_catalogue - Starting...
2026-01-22 16:34:27 [main] INFO  com.zaxxer.hikari.pool.HikariPool - metadata_catalogue - Added connection org.postgresql.jdbc.PgConnection@188ab96
2026-01-22 16:34:27 [main] INFO  com.zaxxer.hikari.HikariDataSource - metadata_catalogue - Start completed.
2026-01-22 16:34:27 [main] INFO  com.zaxxer.hikari.HikariDataSource - metadata_catalogue - Shutdown initiated...
2026-01-22 16:34:27 [main] INFO  com.zaxxer.hikari.HikariDataSource - metadata_catalogue - Shutdown completed.
2026-01-22 16:34:27 [main] INFO  t.g.io/epos-eric/metadata-database/deploy:main - Creating container for image: ghcr.io/epos-eric/metadata-database/deploy:main
2026-01-22 16:34:27 [main] INFO  t.g.io/epos-eric/metadata-database/deploy:main - Container ghcr.io/epos-eric/metadata-database/deploy:main is starting: f10b4d15b1a37298d25c0049dde67b4d0085e8637bf7cada2276412954cd90e0
2026-01-22 16:34:30 [main] INFO  t.g.io/epos-eric/metadata-database/deploy:main - Container ghcr.io/epos-eric/metadata-database/deploy:main started in PT3.476369755S
2026-01-22 16:34:30 [main] INFO  t.g.io/epos-eric/metadata-database/deploy:main - Container is started (JDBC URL: jdbc:postgresql://localhost:33165/cerif?loggerLevel=OFF)
2026-01-22 16:34:30 [main] INFO  com.zaxxer.hikari.HikariDataSource - metadata_catalogue - Starting...
2026-01-22 16:34:30 [main] INFO  com.zaxxer.hikari.pool.HikariPool - metadata_catalogue - Added connection org.postgresql.jdbc.PgConnection@3dfaa1e4
2026-01-22 16:34:30 [main] INFO  com.zaxxer.hikari.HikariDataSource - metadata_catalogue - Start completed.
2026-01-22 16:34:31 [main] INFO  com.zaxxer.hikari.HikariDataSource - metadata_catalogue - Shutdown initiated...
2026-01-22 16:34:31 [main] INFO  com.zaxxer.hikari.HikariDataSource - metadata_catalogue - Shutdown completed.
2026-01-22 16:34:31 [main] INFO  t.g.io/epos-eric/metadata-database/deploy:main - Creating container for image: ghcr.io/epos-eric/metadata-database/deploy:main
2026-01-22 16:34:31 [main] INFO  t.g.io/epos-eric/metadata-database/deploy:main - Container ghcr.io/epos-eric/metadata-database/deploy:main is starting: bd60f2c73bd325e93b4764037af4b69f60d136a169ef6cb63201d5771bb56515
2026-01-22 16:34:34 [main] INFO  t.g.io/epos-eric/metadata-database/deploy:main - Container ghcr.io/epos-eric/metadata-database/deploy:main started in PT3.589463206S
2026-01-22 16:34:34 [main] INFO  t.g.io/epos-eric/metadata-database/deploy:main - Container is started (JDBC URL: jdbc:postgresql://localhost:33166/cerif?loggerLevel=OFF)
2026-01-22 16:34:34 [main] INFO  com.zaxxer.hikari.HikariDataSource - metadata_catalogue - Starting...
2026-01-22 16:34:34 [main] INFO  com.zaxxer.hikari.pool.HikariPool - metadata_catalogue - Added connection org.postgresql.jdbc.PgConnection@3be2ef56
2026-01-22 16:34:34 [main] INFO  com.zaxxer.hikari.HikariDataSource - metadata_catalogue - Start completed.
2026-01-22 16:34:35 [main] INFO  com.zaxxer.hikari.HikariDataSource - metadata_catalogue - Shutdown initiated...
2026-01-22 16:34:35 [main] INFO  com.zaxxer.hikari.HikariDataSource - metadata_catalogue - Shutdown completed.
